SonarCloud plugins:
  - CSS Code Quality and Security 1.4.2.2002 (cssfamily)
  - PL/SQL Code Quality and Security 3.6.1.3873 (plsql)
  - Scala Code Quality and Security 1.8.3.2219 (sonarscala)
  - C# Code Quality and Security 8.24.0.32949 (csharp)
  - Vulnerability Analysis 9.0.0-M1.12247 (security)
  - Java Code Quality and Security 7.0.0.26422 (java)
  - HTML Code Quality and Security 3.4.0.2754 (web)
  - Flex Code Quality and Security 2.6.1.2564 (flex)
  - XML Code Quality and Security 2.2.0.2973 (xml)
  - VB.NET Code Quality and Security 8.24.0.32949 (vbnet)
  - Swift Code Quality and Security 4.3.1.4892 (swift)
  - CFamily Code Quality and Security 6.21.0.32709 (cpp)
  - Python Code Quality and Security 3.5.0.8244 (python)
  - Go Code Quality and Security 1.8.3.2219 (go)
  - JaCoCo 1.1.1.1157 (jacoco)
  - Kotlin Code Quality and Security 1.8.3.2219 (kotlin)
  - Mercurial 1.1.2 (scmmercurial)
  - T-SQL Code Quality and Security 1.5.1.4340 (tsql)
  - Apex Code Quality and Security 1.8.3.2219 (sonarapex)
  - JavaScript/TypeScript Code Quality and Security 8.0.0.15689 (javascript)
  - Ruby Code Quality and Security 1.8.3.2219 (ruby)
  - Vulnerability Rules for C# 9.0.0-M1.12247 (securitycsharpfrontend)
  - Vulnerability Rules for Java 9.0.0-M1.12247 (securityjavafrontend)
  - License for SonarLint 8.0.0.21157 (license)
  - Vulnerability Rules for JS 9.0.0-M1.12247 (securityjsfrontend)
  - COBOL Code Quality 4.6.2.4876 (cobol)
  - Vulnerability Rules for Python 9.0.0-M1.12247 (securitypythonfrontend)
  - Git 1.12.1.2064 (scmgit)
  - PHP Code Quality and Security 3.17.0.7439 (php)
  - ABAP Code Quality and Security 3.9.1.3127 (abap)
  - Vulnerability Rules for PHP 9.0.0-M1.12247 (securityphpfrontend)
Global server settings:
  - email.from=noreply@sonarcloud.io
  - email.fromName=SonarCloud
  - email.prefix=[SonarCloud]
  - node_10_end_of_support_date=1620604800000
  - node_10_grace_period_termination_date=1621814400000
  - sonar.auth.bitbucket.enabled=true
  - sonar.auth.microsoft.enabled=true
  - sonar.core.id=1BD809FA-AWHW8ct9-T_TB3XqouNu
  - sonar.core.serverBaseURL=https://sonarcloud.io
  - sonar.core.startTime=2021-06-17T09:33:43+0200
  - sonar.dbcleaner.weeksBeforeDeletingAllSnapshots=480
  - sonar.dbcleaner.weeksBeforeKeepingOnlyOneSnapshotByMonth=4
  - sonar.dbcleaner.weeksBeforeKeepingOnlyOneSnapshotByWeek=1
  - sonar.lf.enableGravatar=true
  - sonar.lf.logoWidthPx=105
  - sonar.organizations.anyoneCanCreate=true
  - sonar.organizations.createPersonalOrg=true
  - sonar.plsql.file.suffixes=sql,tab,pkb
  - sonar.tsql.file.suffixes=.tsql
Project server settings:
  - sonar.autoscan.enabled=false
  - sonar.c.file.suffixes=.c,.h,.ino
Project scanner properties:
  - sonar.cfamily.build-wrapper-output=cfamily-compilation-database
  - sonar.cfamily.cache.enabled=true
  - sonar.cfamily.cache.path=sonarcloud/cache
  - sonar.cfamily.threads=8
  - sonar.host.url=https://sonarcloud.io
  - sonar.java.source=1.8
  - sonar.organization=thaironeloureiro
  - sonar.projectBaseDir=/home/thairone/Git/cubex
  - sonar.projectKey=thaironeloureiro_cubex
  - sonar.scanner.app=ScannerCli
  - sonar.scanner.appVersion=3.3.0.1492
  - sonar.scanner.force-deprecated-java-version=true
  - sonar.scm.exclusions.disabled=true
  - sonar.sourceEncoding=UTF-8
  - sonar.sources=sniffer_cube
  - sonar.verbose=true
  - sonar.working.directory=/home/thairone/Git/cubex/.scannerwork
